{"C:\\Users\\cilya\\OneDrive\\Masaüstü\\pass_system\\backend\\src\\config\\db.ts": {"path":"C:\\Users\\cilya\\OneDrive\\Masaüstü\\pass_system\\backend\\src\\config\\db.ts","statementMap":{"0":{"start":{"line":1,"column":0},"end":{"line":1,"column":38}},"1":{"start":{"line":2,"column":0},"end":{"line":2,"column":28}},"2":{"start":{"line":4,"column":0},"end":{"line":4,"column":16}},"3":{"start":{"line":6,"column":31},"end":{"line":19,"column":2}},"4":{"start":{"line":21,"column":13},"end":{"line":21,"column":41}},"5":{"start":{"line":22,"column":13},"end":{"line":22,"column":27}},"6":{"start":{"line":25,"column":0},"end":{"line":29,"column":3}},"7":{"start":{"line":26,"column":2},"end":{"line":28,"column":3}},"8":{"start":{"line":27,"column":4},"end":{"line":27,"column":86}},"9":{"start":{"line":31,"column":0},"end":{"line":33,"column":3}},"10":{"start":{"line":32,"column":2},"end":{"line":32,"column":71}},"11":{"start":{"line":38,"column":21},"end":{"line":51,"column":1}},"12":{"start":{"line":39,"column":16},"end":{"line":39,"column":26}},"13":{"start":{"line":40,"column":2},"end":{"line":50,"column":3}},"14":{"start":{"line":41,"column":16},"end":{"line":41,"column":46}},"15":{"start":{"line":42,"column":21},"end":{"line":42,"column":39}},"16":{"start":{"line":43,"column":4},"end":{"line":45,"column":5}},"17":{"start":{"line":44,"column":6},"end":{"line":44,"column":97}},"18":{"start":{"line":46,"column":4},"end":{"line":46,"column":15}},"19":{"start":{"line":48,"column":4},"end":{"line":48,"column":53}},"20":{"start":{"line":49,"column":4},"end":{"line":49,"column":16}},"21":{"start":{"line":38,"column":13},"end":{"line":38,"column":21}},"22":{"start":{"line":56,"column":29},"end":{"line":64,"column":1}},"23":{"start":{"line":57,"column":2},"end":{"line":63,"column":3}},"24":{"start":{"line":58,"column":19},"end":{"line":58,"column":57}},"25":{"start":{"line":59,"column":4},"end":{"line":59,"column":40}},"26":{"start":{"line":61,"column":4},"end":{"line":61,"column":56}},"27":{"start":{"line":62,"column":4},"end":{"line":62,"column":17}},"28":{"start":{"line":56,"column":13},"end":{"line":56,"column":29}},"29":{"start":{"line":69,"column":27},"end":{"line":72,"column":1}},"30":{"start":{"line":70,"column":2},"end":{"line":70,"column":19}},"31":{"start":{"line":71,"column":2},"end":{"line":71,"column":67}},"32":{"start":{"line":69,"column":13},"end":{"line":69,"column":27}},"33":{"start":{"line":74,"column":0},"end":{"line":74,"column":20}}},"fnMap":{"0":{"name":"(anonymous_1)","decl":{"start":{"line":25,"column":19},"end":{"line":25,"column":22}},"loc":{"start":{"line":25,"column":24},"end":{"line":29,"column":1}}},"1":{"name":"(anonymous_2)","decl":{"start":{"line":31,"column":17},"end":{"line":31,"column":18}},"loc":{"start":{"line":31,"column":32},"end":{"line":33,"column":1}}},"2":{"name":"(anonymous_3)","decl":{"start":{"line":38,"column":21},"end":{"line":38,"column":26}},"loc":{"start":{"line":38,"column":60},"end":{"line":51,"column":1}}},"3":{"name":"(anonymous_4)","decl":{"start":{"line":56,"column":29},"end":{"line":56,"column":34}},"loc":{"start":{"line":56,"column":58},"end":{"line":64,"column":1}}},"4":{"name":"(anonymous_5)","decl":{"start":{"line":69,"column":27},"end":{"line":69,"column":32}},"loc":{"start":{"line":69,"column":53},"end":{"line":72,"column":1}}}},"branchMap":{"0":{"loc":{"start":{"line":7,"column":8},"end":{"line":7,"column":41}},"type":"binary-expr","locations":[{"start":{"line":7,"column":8},"end":{"line":7,"column":27}},{"start":{"line":7,"column":31},"end":{"line":7,"column":41}}]},"1":{"loc":{"start":{"line":8,"column":8},"end":{"line":8,"column":42}},"type":"binary-expr","locations":[{"start":{"line":8,"column":8},"end":{"line":8,"column":27}},{"start":{"line":8,"column":31},"end":{"line":8,"column":42}}]},"2":{"loc":{"start":{"line":9,"column":12},"end":{"line":9,"column":51}},"type":"binary-expr","locations":[{"start":{"line":9,"column":12},"end":{"line":9,"column":31}},{"start":{"line":9,"column":35},"end":{"line":9,"column":51}}]},"3":{"loc":{"start":{"line":10,"column":12},"end":{"line":10,"column":49}},"type":"binary-expr","locations":[{"start":{"line":10,"column":12},"end":{"line":10,"column":35}},{"start":{"line":10,"column":39},"end":{"line":10,"column":49}}]},"4":{"loc":{"start":{"line":11,"column":17},"end":{"line":11,"column":46}},"type":"binary-expr","locations":[{"start":{"line":11,"column":17},"end":{"line":11,"column":36}},{"start":{"line":11,"column":40},"end":{"line":11,"column":46}}]},"5":{"loc":{"start":{"line":26,"column":2},"end":{"line":28,"column":3}},"type":"if","locations":[{"start":{"line":26,"column":2},"end":{"line":28,"column":3}}]},"6":{"loc":{"start":{"line":43,"column":4},"end":{"line":45,"column":5}},"type":"if","locations":[{"start":{"line":43,"column":4},"end":{"line":45,"column":5}}]}},"s":{"0":2,"1":2,"2":2,"3":2,"4":2,"5":2,"6":2,"7":0,"8":0,"9":2,"10":0,"11":2,"12":0,"13":0,"14":0,"15":0,"16":0,"17":0,"18":0,"19":0,"20":0,"21":2,"22":2,"23":1,"24":1,"25":1,"26":0,"27":0,"28":2,"29":2,"30":0,"31":0,"32":2,"33":2},"f":{"0":0,"1":0,"2":0,"3":1,"4":0},"b":{"0":[2,2],"1":[2,2],"2":[2,2],"3":[2,2],"4":[2,2],"5":[0],"6":[0]}}
,"C:\\Users\\cilya\\OneDrive\\Masaüstü\\pass_system\\backend\\src\\services\\authService.ts": {"path":"C:\\Users\\cilya\\OneDrive\\Masaüstü\\pass_system\\backend\\src\\services\\authService.ts","statementMap":{"0":{"start":{"line":1,"column":0},"end":{"line":1,"column":32}},"1":{"start":{"line":2,"column":0},"end":{"line":2,"column":47}},"2":{"start":{"line":4,"column":37},"end":{"line":16,"column":1}},"3":{"start":{"line":10,"column":2},"end":{"line":12,"column":3}},"4":{"start":{"line":11,"column":4},"end":{"line":11,"column":17}},"5":{"start":{"line":15,"column":2},"end":{"line":15,"column":49}},"6":{"start":{"line":4,"column":13},"end":{"line":4,"column":37}},"7":{"start":{"line":24,"column":23},"end":{"line":24,"column":88}},"8":{"start":{"line":25,"column":4},"end":{"line":27,"column":5}},"9":{"start":{"line":26,"column":6},"end":{"line":26,"column":52}},"10":{"start":{"line":29,"column":17},"end":{"line":29,"column":35}},"11":{"start":{"line":32,"column":28},"end":{"line":32,"column":132}},"12":{"start":{"line":33,"column":4},"end":{"line":35,"column":5}},"13":{"start":{"line":34,"column":6},"end":{"line":34,"column":52}},"14":{"start":{"line":38,"column":25},"end":{"line":38,"column":96}},"15":{"start":{"line":40,"column":4},"end":{"line":59,"column":5}},"16":{"start":{"line":42,"column":6},"end":{"line":45,"column":8}},"17":{"start":{"line":47,"column":27},"end":{"line":47,"column":47}},"18":{"start":{"line":50,"column":6},"end":{"line":58,"column":7}},"19":{"start":{"line":52,"column":8},"end":{"line":55,"column":10}},"20":{"start":{"line":57,"column":8},"end":{"line":57,"column":128}},"21":{"start":{"line":62,"column":18},"end":{"line":66,"column":6}},"22":{"start":{"line":68,"column":4},"end":{"line":77,"column":6}},"23":{"start":{"line":18,"column":0},"end":{"line":18,"column":13}}},"fnMap":{"0":{"name":"(anonymous_1)","decl":{"start":{"line":4,"column":37},"end":{"line":4,"column":null}},"loc":{"start":{"line":8,"column":13},"end":{"line":16,"column":1}}},"1":{"name":"(anonymous_2)","decl":{"start":{"line":22,"column":2},"end":{"line":22,"column":8}},"loc":{"start":{"line":22,"column":116},"end":{"line":78,"column":3}}}},"branchMap":{"0":{"loc":{"start":{"line":10,"column":2},"end":{"line":12,"column":3}},"type":"if","locations":[{"start":{"line":10,"column":2},"end":{"line":12,"column":3}}]},"1":{"loc":{"start":{"line":22,"column":79},"end":{"line":22,"column":116}},"type":"default-arg","locations":[{"start":{"line":22,"column":101},"end":{"line":22,"column":116}}]},"2":{"loc":{"start":{"line":25,"column":4},"end":{"line":27,"column":5}},"type":"if","locations":[{"start":{"line":25,"column":4},"end":{"line":27,"column":5}}]},"3":{"loc":{"start":{"line":32,"column":28},"end":{"line":32,"column":132}},"type":"binary-expr","locations":[{"start":{"line":32,"column":28},"end":{"line":32,"column":62}},{"start":{"line":32,"column":66},"end":{"line":32,"column":132}}]},"4":{"loc":{"start":{"line":33,"column":4},"end":{"line":35,"column":5}},"type":"if","locations":[{"start":{"line":33,"column":4},"end":{"line":35,"column":5}}]},"5":{"loc":{"start":{"line":40,"column":4},"end":{"line":59,"column":5}},"type":"if","locations":[{"start":{"line":40,"column":4},"end":{"line":59,"column":5}},{"start":{"line":46,"column":11},"end":{"line":59,"column":5}}]},"6":{"loc":{"start":{"line":50,"column":6},"end":{"line":58,"column":7}},"type":"if","locations":[{"start":{"line":50,"column":6},"end":{"line":58,"column":7}}]}},"s":{"0":1,"1":1,"2":1,"3":3,"4":1,"5":2,"6":1,"7":0,"8":0,"9":0,"10":0,"11":0,"12":0,"13":0,"14":0,"15":0,"16":0,"17":0,"18":0,"19":0,"20":0,"21":0,"22":0,"23":1},"f":{"0":3,"1":0},"b":{"0":[1],"1":[0],"2":[0],"3":[0,0],"4":[0],"5":[0,0],"6":[0]}}
,"C:\\Users\\cilya\\OneDrive\\Masaüstü\\pass_system\\backend\\src\\utils\\authUtils.ts": {"path":"C:\\Users\\cilya\\OneDrive\\Masaüstü\\pass_system\\backend\\src\\utils\\authUtils.ts","statementMap":{"0":{"start":{"line":1,"column":0},"end":{"line":1,"column":28}},"1":{"start":{"line":2,"column":0},"end":{"line":2,"column":31}},"2":{"start":{"line":4,"column":19},"end":{"line":4,"column":66}},"3":{"start":{"line":5,"column":23},"end":{"line":5,"column":57}},"4":{"start":{"line":10,"column":23},"end":{"line":10,"column":25}},"5":{"start":{"line":11,"column":4},"end":{"line":11,"column":51}},"6":{"start":{"line":16,"column":4},"end":{"line":16,"column":48}},"7":{"start":{"line":21,"column":4},"end":{"line":21,"column":79}},"8":{"start":{"line":26,"column":4},"end":{"line":30,"column":5}},"9":{"start":{"line":27,"column":6},"end":{"line":27,"column":43}},"10":{"start":{"line":29,"column":6},"end":{"line":29,"column":18}},"11":{"start":{"line":7,"column":0},"end":{"line":7,"column":13}}},"fnMap":{"0":{"name":"(anonymous_1)","decl":{"start":{"line":9,"column":2},"end":{"line":9,"column":8}},"loc":{"start":{"line":9,"column":44},"end":{"line":12,"column":3}}},"1":{"name":"(anonymous_2)","decl":{"start":{"line":15,"column":2},"end":{"line":15,"column":8}},"loc":{"start":{"line":15,"column":61},"end":{"line":17,"column":3}}},"2":{"name":"(anonymous_3)","decl":{"start":{"line":20,"column":2},"end":{"line":20,"column":8}},"loc":{"start":{"line":20,"column":84},"end":{"line":22,"column":3}}},"3":{"name":"(anonymous_4)","decl":{"start":{"line":25,"column":2},"end":{"line":25,"column":8}},"loc":{"start":{"line":25,"column":34},"end":{"line":31,"column":3}}}},"branchMap":{"0":{"loc":{"start":{"line":4,"column":19},"end":{"line":4,"column":66}},"type":"binary-expr","locations":[{"start":{"line":4,"column":19},"end":{"line":4,"column":41}},{"start":{"line":4,"column":45},"end":{"line":4,"column":66}}]},"1":{"loc":{"start":{"line":5,"column":23},"end":{"line":5,"column":57}},"type":"binary-expr","locations":[{"start":{"line":5,"column":23},"end":{"line":5,"column":49}},{"start":{"line":5,"column":53},"end":{"line":5,"column":57}}]}},"s":{"0":1,"1":1,"2":1,"3":1,"4":0,"5":0,"6":0,"7":0,"8":0,"9":0,"10":0,"11":1},"f":{"0":0,"1":0,"2":0,"3":0},"b":{"0":[1,1],"1":[1,1]}}
,"C:\\Users\\cilya\\OneDrive\\Masaüstü\\pass_system\\backend\\src\\utils\\geofenceUtils.ts": {"path":"C:\\Users\\cilya\\OneDrive\\Masaüstü\\pass_system\\backend\\src\\utils\\geofenceUtils.ts","statementMap":{"0":{"start":{"line":8,"column":48},"end":{"line":8,"column":55}},"1":{"start":{"line":14,"column":4},"end":{"line":14,"column":37}},"2":{"start":{"line":21,"column":17},"end":{"line":21,"column":66}},"3":{"start":{"line":22,"column":17},"end":{"line":22,"column":68}},"4":{"start":{"line":24,"column":20},"end":{"line":24,"column":51}},"5":{"start":{"line":25,"column":20},"end":{"line":25,"column":51}},"6":{"start":{"line":28,"column":6},"end":{"line":29,"column":85}},"7":{"start":{"line":31,"column":14},"end":{"line":31,"column":60}},"8":{"start":{"line":34,"column":4},"end":{"line":34,"column":40}},"9":{"start":{"line":45,"column":21},"end":{"line":45,"column":73}},"10":{"start":{"line":46,"column":21},"end":{"line":46,"column":55}},"11":{"start":{"line":48,"column":4},"end":{"line":51,"column":6}},"12":{"start":{"line":6,"column":0},"end":{"line":6,"column":13}}},"fnMap":{"0":{"name":"(anonymous_0)","decl":{"start":{"line":13,"column":10},"end":{"line":13,"column":16}},"loc":{"start":{"line":13,"column":42},"end":{"line":15,"column":3}}},"1":{"name":"(anonymous_1)","decl":{"start":{"line":20,"column":2},"end":{"line":20,"column":8}},"loc":{"start":{"line":20,"column":67},"end":{"line":35,"column":3}}},"2":{"name":"(anonymous_2)","decl":{"start":{"line":40,"column":2},"end":{"line":40,"column":8}},"loc":{"start":{"line":43,"column":40},"end":{"line":52,"column":3}}}},"branchMap":{"0":{"loc":{"start":{"line":43,"column":4},"end":{"line":43,"column":40}},"type":"default-arg","locations":[{"start":{"line":43,"column":37},"end":{"line":43,"column":40}}]}},"s":{"0":1,"1":12,"2":3,"3":3,"4":3,"5":3,"6":3,"7":3,"8":3,"9":2,"10":2,"11":2,"12":1},"f":{"0":12,"1":3,"2":2},"b":{"0":[0]}}
}
