TN:
SF:backend\src\config\db.ts
FN:25,(anonymous_1)
FN:31,(anonymous_2)
FN:38,(anonymous_3)
FN:56,(anonymous_4)
FN:69,(anonymous_5)
FNF:5
FNH:1
FNDA:0,(anonymous_1)
FNDA:0,(anonymous_2)
FNDA:0,(anonymous_3)
FNDA:1,(anonymous_4)
FNDA:0,(anonymous_5)
DA:1,2
DA:2,2
DA:4,2
DA:6,2
DA:21,2
DA:22,2
DA:25,2
DA:26,0
DA:27,0
DA:31,2
DA:32,0
DA:38,2
DA:39,0
DA:40,0
DA:41,0
DA:42,0
DA:43,0
DA:44,0
DA:46,0
DA:48,0
DA:49,0
DA:56,2
DA:57,1
DA:58,1
DA:59,1
DA:61,0
DA:62,0
DA:69,2
DA:70,0
DA:71,0
DA:74,2
LF:31
LH:15
BRDA:7,0,0,2
BRDA:7,0,1,2
BRDA:8,1,0,2
BRDA:8,1,1,2
BRDA:9,2,0,2
BRDA:9,2,1,2
BRDA:10,3,0,2
BRDA:10,3,1,2
BRDA:11,4,0,2
BRDA:11,4,1,2
BRDA:26,5,0,0
BRDA:43,6,0,0
BRF:12
BRH:10
end_of_record
TN:
SF:backend\src\services\authService.ts
FN:4,(anonymous_1)
FN:22,(anonymous_2)
FNF:2
FNH:1
FNDA:3,(anonymous_1)
FNDA:0,(anonymous_2)
DA:1,1
DA:2,1
DA:4,1
DA:10,3
DA:11,1
DA:15,2
DA:18,1
DA:24,0
DA:25,0
DA:26,0
DA:29,0
DA:32,0
DA:33,0
DA:34,0
DA:38,0
DA:40,0
DA:42,0
DA:47,0
DA:50,0
DA:52,0
DA:57,0
DA:62,0
DA:68,0
LF:23
LH:7
BRDA:10,0,0,1
BRDA:22,1,0,0
BRDA:25,2,0,0
BRDA:32,3,0,0
BRDA:32,3,1,0
BRDA:33,4,0,0
BRDA:40,5,0,0
BRDA:40,5,1,0
BRDA:50,6,0,0
BRF:9
BRH:1
end_of_record
TN:
SF:backend\src\utils\authUtils.ts
FN:9,(anonymous_1)
FN:15,(anonymous_2)
FN:20,(anonymous_3)
FN:25,(anonymous_4)
FNF:4
FNH:0
FNDA:0,(anonymous_1)
FNDA:0,(anonymous_2)
FNDA:0,(anonymous_3)
FNDA:0,(anonymous_4)
DA:1,1
DA:2,1
DA:4,1
DA:5,1
DA:7,1
DA:10,0
DA:11,0
DA:16,0
DA:21,0
DA:26,0
DA:27,0
DA:29,0
LF:12
LH:5
BRDA:4,0,0,1
BRDA:4,0,1,1
BRDA:5,1,0,1
BRDA:5,1,1,1
BRF:4
BRH:4
end_of_record
TN:
SF:backend\src\utils\geofenceUtils.ts
FN:13,(anonymous_0)
FN:20,(anonymous_1)
FN:40,(anonymous_2)
FNF:3
FNH:3
FNDA:12,(anonymous_0)
FNDA:3,(anonymous_1)
FNDA:2,(anonymous_2)
DA:6,1
DA:8,1
DA:14,12
DA:21,3
DA:22,3
DA:24,3
DA:25,3
DA:28,3
DA:31,3
DA:34,3
DA:45,2
DA:46,2
DA:48,2
LF:13
LH:13
BRDA:43,0,0,0
BRF:1
BRH:0
end_of_record
